16:46:08: Creating resource group General
16:46:08: Creating resource group Internal
16:46:08: Creating resource group Autodetect
16:46:08: SceneManagerFactory for type 'DefaultSceneManager' registered.
16:46:08: Registering ResourceManager for type Material
16:46:08: Registering ResourceManager for type Mesh
16:46:08: Registering ResourceManager for type Skeleton
16:46:08: MovableObjectFactory for type 'ParticleSystem' registered.
16:46:08: OverlayElementFactory for type Panel registered.
16:46:08: OverlayElementFactory for type BorderPanel registered.
16:46:08: OverlayElementFactory for type TextArea registered.
16:46:08: Registering ResourceManager for type Font
16:46:08: ArchiveFactory for archive type FileSystem registered.
16:46:08: ArchiveFactory for archive type Zip registered.
16:46:08: DDS codec registering
16:46:08: FreeImage version: 3.10.0
16:46:08: This program uses FreeImage, a free, open source image library supporting all common bitmap formats. See http://freeimage.sourceforge.net for details
16:46:08: Supported formats: bmp,ico,jpg,jif,jpeg,jpe,jng,koa,iff,lbm,mng,pbm,pbm,pcd,pcx,pgm,pgm,png,ppm,ppm,ras,tga,targa,tif,tiff,wap,wbmp,wbm,psd,cut,xbm,xpm,gif,hdr,g3,sgi,exr,j2k,j2c,jp2
16:46:08: Registering ResourceManager for type HighLevelGpuProgram
16:46:08: Registering ResourceManager for type Compositor
16:46:08: MovableObjectFactory for type 'Entity' registered.
16:46:08: MovableObjectFactory for type 'Light' registered.
16:46:08: MovableObjectFactory for type 'BillboardSet' registered.
16:46:08: MovableObjectFactory for type 'ManualObject' registered.
16:46:08: MovableObjectFactory for type 'BillboardChain' registered.
16:46:08: MovableObjectFactory for type 'RibbonTrail' registered.
16:46:08: OGRE EXCEPTION(6:FileNotFoundException): 'plugins.cfg' file not found! in ConfigFile::load at /tmp/buildd/ros-electric-visualization-common-1.6.2/debian/ros-electric-visualization-common/opt/ros/electric/stacks/visualization_common/ogre/build/ogre_src_v1-7-3/OgreMain/src/OgreConfigFile.cpp (line 83)
16:46:08: plugins.cfg not found, automatic plugin loading disabled.
16:46:08: *-*-* OGRE Initialising
16:46:08: *-*-* Version 1.7.3 (Cthugha)
16:46:08: Loading library RenderSystem_GL
16:46:08: Installing plugin: GL RenderSystem
16:46:08: OpenGL Rendering Subsystem created.
16:46:08: Plugin successfully installed
16:46:08: Loading library Plugin_OctreeSceneManager
16:46:08: Installing plugin: Octree & Terrain Scene Manager
16:46:08: Plugin successfully installed
16:46:08: Loading library Plugin_ParticleFX
16:46:08: Installing plugin: ParticleFX
16:46:08: Particle Emitter Type 'Point' registered
16:46:08: Particle Emitter Type 'Box' registered
16:46:08: Particle Emitter Type 'Ellipsoid' registered
16:46:08: Particle Emitter Type 'Cylinder' registered
16:46:08: Particle Emitter Type 'Ring' registered
16:46:08: Particle Emitter Type 'HollowEllipsoid' registered
16:46:08: Particle Affector Type 'LinearForce' registered
16:46:08: Particle Affector Type 'ColourFader' registered
16:46:08: Particle Affector Type 'ColourFader2' registered
16:46:08: Particle Affector Type 'ColourImage' registered
16:46:08: Particle Affector Type 'ColourInterpolator' registered
16:46:08: Particle Affector Type 'Scaler' registered
16:46:08: Particle Affector Type 'Rotator' registered
16:46:08: Particle Affector Type 'DirectionRandomiser' registered
16:46:08: Particle Affector Type 'DeflectorPlane' registered
16:46:08: Plugin successfully installed
16:46:08: Loading library Plugin_CgProgramManager
16:46:08: Installing plugin: Cg Program Manager
16:46:08: Plugin successfully installed
16:46:08: CPU Identifier & Features
16:46:08: -------------------------
16:46:08:  *   CPU ID: GenuineIntel: Intel(R) Core(TM) i3-2100 CPU @ 3.10GHz
16:46:08:  *      SSE: yes
16:46:08:  *     SSE2: yes
16:46:08:  *     SSE3: yes
16:46:08:  *      MMX: yes
16:46:08:  *   MMXEXT: yes
16:46:08:  *    3DNOW: no
16:46:08:  * 3DNOWEXT: no
16:46:08:  *     CMOV: yes
16:46:08:  *      TSC: yes
16:46:08:  *      FPU: yes
16:46:08:  *      PRO: yes
16:46:08:  *       HT: no
16:46:08: -------------------------
16:46:08: ******************************
*** Starting GLX Subsystem ***
******************************
16:46:08: Creating resource group ogre_tools
16:46:08: Added resource location '/opt/ros/electric/stacks/visualization_common/ogre_tools/media' of type 'FileSystem' to resource group 'ogre_tools'
16:46:08: Added resource location '/opt/ros/electric/stacks/visualization_common/ogre_tools/media/fonts' of type 'FileSystem' to resource group 'ogre_tools'
16:46:08: Added resource location '/opt/ros/electric/stacks/visualization_common/ogre_tools/media/models' of type 'FileSystem' to resource group 'ogre_tools'
16:46:08: Added resource location '/opt/ros/electric/stacks/visualization_common/ogre_tools/media/materials' of type 'FileSystem' to resource group 'ogre_tools'
16:46:08: Added resource location '/opt/ros/electric/stacks/visualization_common/ogre_tools/media/materials/scripts' of type 'FileSystem' to resource group 'ogre_tools'
16:46:08: Added resource location '/opt/ros/electric/stacks/visualization_common/ogre_tools/media/materials/programs' of type 'FileSystem' to resource group 'ogre_tools'
16:46:08: GLRenderSystem::_createRenderWindow "OgreRenderWindow1", 1024x768 windowed  miscParams: macAPI=carbon parentWindowHandle=96469034 
16:46:08: GLXWindow::create used FBConfigID = 114
16:46:08: GL_VERSION = 2.1 Mesa 7.10.3
16:46:08: GL_VENDOR = Tungsten Graphics, Inc
16:46:08: GL_RENDERER = Mesa DRI Intel(R) Sandybridge Desktop  x86/MMX/SSE2
16:46:08: GL_EXTENSIONS = GL_ARB_copy_buffer GL_ARB_depth_clamp GL_ARB_depth_texture GL_ARB_draw_buffers GL_ARB_draw_elements_base_vertex GL_ARB_explicit_attrib_location GL_ARB_fragment_coord_conventions GL_ARB_fragment_program GL_ARB_fragment_program_shadow GL_ARB_fragment_shader GL_ARB_framebuffer_object GL_ARB_half_float_pixel GL_ARB_half_float_vertex GL_ARB_map_buffer_range GL_ARB_multisample GL_ARB_multitexture GL_ARB_occlusion_query GL_ARB_pixel_buffer_object GL_ARB_point_parameters GL_ARB_point_sprite GL_ARB_provoking_vertex GL_ARB_seamless_cube_map GL_ARB_shader_objects GL_ARB_shading_language_100 GL_ARB_shadow GL_ARB_sync GL_ARB_texture_border_clamp GL_ARB_texture_compression GL_ARB_texture_cube_map GL_ARB_texture_env_add GL_ARB_texture_env_combine GL_ARB_texture_env_crossbar GL_ARB_texture_env_dot3 GL_ARB_texture_mirrored_repeat GL_ARB_texture_non_power_of_two GL_ARB_texture_rectangle GL_ARB_texture_rg GL_ARB_texture_swizzle GL_ARB_transpose_matrix GL_ARB_vertex_array_bgra GL_ARB_vertex_array_object GL_ARB_vertex_buffer_object GL_ARB_vertex_program GL_ARB_vertex_shader GL_ARB_window_pos GL_EXT_abgr GL_EXT_bgra GL_EXT_blend_color GL_EXT_blend_equation_separate GL_EXT_blend_func_separate GL_EXT_blend_logic_op GL_EXT_blend_minmax GL_EXT_blend_subtract GL_EXT_compiled_vertex_array GL_EXT_copy_texture GL_EXT_draw_buffers2 GL_EXT_draw_range_elements GL_EXT_fog_coord GL_EXT_framebuffer_blit GL_EXT_framebuffer_multisample GL_EXT_framebuffer_object GL_EXT_gpu_program_parameters GL_EXT_multi_draw_arrays GL_EXT_packed_depth_stencil GL_EXT_packed_pixels GL_EXT_pixel_buffer_object GL_EXT_point_parameters GL_EXT_polygon_offset GL_EXT_provoking_vertex GL_EXT_rescale_normal GL_EXT_secondary_color GL_EXT_separate_shader_objects GL_EXT_separate_specular_color GL_EXT_shadow_funcs GL_EXT_stencil_two_side GL_EXT_stencil_wrap GL_EXT_subtexture GL_EXT_texture3D GL_EXT_texture_cube_map GL_EXT_texture_edge_clamp GL_EXT_texture_env_add GL_EXT_texture_env_combine GL_EXT_texture_env_dot3 GL_EXT_texture_filter_anisotropic GL_EXT_texture_lod_bias GL_EXT_texture_object GL_EXT_texture GL_EXT_texture_rectangle GL_EXT_texture_sRGB GL_EXT_texture_swizzle GL_EXT_timer_query GL_EXT_vertex_array_bgra GL_EXT_vertex_array GL_OES_EGL_image GL_OES_read_format GL_3DFX_texture_compression_FXT1 GL_APPLE_client_storage GL_APPLE_object_purgeable GL_APPLE_packed_pixels GL_APPLE_vertex_array_object GL_ATI_blend_equation_separate GL_ATI_envmap_bumpmap GL_ATI_separate_stencil GL_ATI_texture_env_combine3 GL_IBM_multimode_draw_arrays GL_IBM_rasterpos_clip GL_IBM_texture_mirrored_repeat GL_INGR_blend_func_separate GL_MESA_pack_invert GL_MESA_texture_signed_rgba GL_MESA_window_pos GL_MESA_ycbcr_texture GL_NV_blend_square GL_NV_depth_clamp GL_NV_light_max_exponent GL_NV_packed_depth_stencil GL_NV_texgen_reflection GL_NV_texture_env_combine4 GL_NV_texture_rectangle GL_NV_vertex_program1_1 GL_NV_vertex_program GL_SGIS_generate_mipmap GL_SGIS_texture_border_clamp GL_SGIS_texture_edge_clamp GL_SGIS_texture_lod GL_SUN_multi_draw_arrays 
16:46:08: Supported GLX extensions: GLX_ARB_get_proc_address GLX_ARB_multisample GLX_EXT_import_context GLX_EXT_visual_info GLX_EXT_visual_rating GLX_MESA_copy_sub_buffer GLX_MESA_swap_control GLX_OML_swap_method GLX_SGI_make_current_read GLX_SGI_video_sync GLX_SGIS_multisample GLX_SGIX_fbconfig GLX_SGIX_pbuffer GLX_SGIX_visual_select_group GLX_EXT_texture_from_pixmap 
16:46:08: ***************************
16:46:08: *** GL Renderer Started ***
16:46:08: ***************************
16:46:08: Registering ResourceManager for type GpuProgram
16:46:08: GLSL support detected
16:46:08: GL: Using PBuffers for rendering to textures
16:46:08: RenderSystem capabilities
16:46:08: -------------------------
16:46:08: RenderSystem Name: OpenGL Rendering Subsystem
16:46:08: GPU Vendor: unknown
16:46:08: Device Name: Mesa DRI Intel(R) Sandybridge Desktop  x86/MMX/SSE2
16:46:08: Driver Version: 2.1.0.0
16:46:08:  * Fixed function pipeline: yes
16:46:08:  * Hardware generation of mipmaps: yes
16:46:08:  * Texture blending: yes
16:46:08:  * Anisotropic texture filtering: yes
16:46:08:  * Dot product texture operation: yes
16:46:08:  * Cube mapping: yes
16:46:08:  * Hardware stencil buffer: yes
16:46:08:    - Stencil depth: 8
16:46:08:    - Two sided stencil support: yes
16:46:08:    - Wrap stencil values: yes
16:46:08:  * Hardware vertex / index buffers: yes
16:46:08:  * Vertex programs: yes
16:46:08:  * Number of floating-point constants for vertex programs: 1024
16:46:08:  * Number of integer constants for vertex programs: 0
16:46:08:  * Number of boolean constants for vertex programs: 0
16:46:08:  * Fragment programs: yes
16:46:08:  * Number of floating-point constants for fragment programs: 1024
16:46:08:  * Number of integer constants for fragment programs: 0
16:46:08:  * Number of boolean constants for fragment programs: 0
16:46:08:  * Geometry programs: no
16:46:08:  * Number of floating-point constants for geometry programs: 0
16:46:08:  * Number of integer constants for geometry programs: 0
16:46:08:  * Number of boolean constants for geometry programs: 0
16:46:08:  * Supported Shader Profiles: arbfp1 arbvp1 glsl
16:46:08:  * Texture Compression: yes
16:46:08:    - DXT: no
16:46:08:    - VTC: no
16:46:08:    - PVRTC: no
16:46:08:  * Scissor Rectangle: yes
16:46:08:  * Hardware Occlusion Query: yes
16:46:08:  * User clip planes: yes
16:46:08:  * VET_UBYTE4 vertex element type: yes
16:46:08:  * Infinite far plane projection: yes
16:46:08:  * Hardware render-to-texture: yes
16:46:08:  * Floating point textures: no
16:46:08:  * Non-power-of-two textures: yes
16:46:08:  * Volume textures: yes
16:46:08:  * Multiple Render Targets: 1
16:46:08:    - With different bit depths: yes
16:46:08:  * Point Sprites: yes
16:46:08:  * Extended point parameters: yes
16:46:08:  * Max Point Size: 255
16:46:08:  * Vertex texture fetch: no
16:46:08:  * Number of world matrices: 0
16:46:08:  * Number of texture units: 16
16:46:08:  * Stencil buffer depth: 8
16:46:08:  * Number of vertex blend matrices: 0
16:46:08:  * Render to Vertex Buffer : no
16:46:08:  * GL 1.5 without VBO workaround: no
16:46:08:  * Frame Buffer objects: yes
16:46:08:  * Frame Buffer objects (ARB extension): no
16:46:08:  * Frame Buffer objects (ATI extension): no
16:46:08:  * PBuffer support: yes
16:46:08:  * GL 1.5 without HW-occlusion workaround: no
16:46:08: Registering ResourceManager for type Texture
16:46:08: DefaultWorkQueue('Root') initialising on thread 0x9a97830.
16:46:08: DefaultWorkQueue('Root')::WorkerFunc - thread 0x9e86d20 starting.
16:46:08: DefaultWorkQueue('Root')::WorkerFunc - thread 0x9e903f8 starting.
16:46:08: DefaultWorkQueue('Root')::WorkerFunc - thread 0x9e901e0 starting.
16:46:08: DefaultWorkQueue('Root')::WorkerFunc - thread 0x9b54cb8 starting.
16:46:08: Particle Renderer Type 'billboard' registered
16:46:08: SceneManagerFactory for type 'OctreeSceneManager' registered.
16:46:08: SceneManagerFactory for type 'TerrainSceneManager' registered.
16:46:08: Added resource location '/opt/ros/electric/stacks/visualization/rviz/ogre_media/textures' of type 'FileSystem' to resource group 'General'
16:46:08: Parsing scripts for resource group Autodetect
16:46:08: Finished parsing scripts for resource group Autodetect
16:46:08: Parsing scripts for resource group General
16:46:08: Finished parsing scripts for resource group General
16:46:08: Parsing scripts for resource group Internal
16:46:08: Finished parsing scripts for resource group Internal
16:46:08: Parsing scripts for resource group ogre_tools
16:46:08: Parsing script passthrough.program
16:46:08: Parsing script point_cloud_box.program
16:46:08: Parsing script point_cloud_point.program
16:46:08: Parsing script depth.program
16:46:08: Parsing script point_cloud_billboard.program
16:46:08: Parsing script point_cloud_billboard.material
16:46:08: Parsing script point_cloud_point.material
16:46:08: Parsing script point_cloud_box.material
16:46:08: Parsing script arial.fontdef
16:46:08: Finished parsing scripts for resource group ogre_tools
16:46:08: Creating resource group rviz
16:46:08: Mesh: Loading ogre_tools_sphere.mesh.
16:46:08: WARNING: ogre_tools_sphere.mesh is an older format ([MeshSerializer_v1.40]); you should upgrade it as soon as possible using the OgreMeshUpgrade tool.
16:46:08: Mesh: Loading ogre_tools_cylinder.mesh.
16:46:08: WARNING: ogre_tools_cylinder.mesh is an older format ([MeshSerializer_v1.40]); you should upgrade it as soon as possible using the OgreMeshUpgrade tool.
16:46:08: Mesh: Loading ogre_tools_cone.mesh.
16:46:08: WARNING: ogre_tools_cone.mesh is an older format ([MeshSerializer_v1.40]); you should upgrade it as soon as possible using the OgreMeshUpgrade tool.
